2020-06-22 22:27:27 INFO  org.reflections.Reflections:229 - Reflections took 55 ms to scan 1 urls, producing 17 keys and 270 values 
2020-06-22 22:27:27 INFO  org.reflections.Reflections:229 - Reflections took 7 ms to scan 1 urls, producing 7 keys and 37 values 
2020-06-22 22:27:27 INFO  org.reflections.Reflections:229 - Reflections took 9 ms to scan 1 urls, producing 5 keys and 32 values 
2020-06-22 22:33:01 INFO  org.reflections.Reflections:229 - Reflections took 55 ms to scan 1 urls, producing 17 keys and 270 values 
2020-06-22 22:33:01 INFO  org.reflections.Reflections:229 - Reflections took 10 ms to scan 1 urls, producing 7 keys and 37 values 
2020-06-22 22:33:01 INFO  org.reflections.Reflections:229 - Reflections took 10 ms to scan 1 urls, producing 5 keys and 32 values 
2020-06-22 22:48:34 INFO  org.reflections.Reflections:229 - Reflections took 56 ms to scan 1 urls, producing 17 keys and 270 values 
2020-06-22 22:48:35 INFO  org.reflections.Reflections:229 - Reflections took 8 ms to scan 1 urls, producing 7 keys and 37 values 
2020-06-22 22:48:35 INFO  org.reflections.Reflections:229 - Reflections took 8 ms to scan 1 urls, producing 5 keys and 32 values 
2020-06-23 14:42:59 INFO  org.reflections.Reflections:229 - Reflections took 55 ms to scan 1 urls, producing 17 keys and 270 values 
2020-06-23 14:42:59 INFO  org.reflections.Reflections:229 - Reflections took 46 ms to scan 1 urls, producing 7 keys and 37 values 
2020-06-23 14:43:00 INFO  org.reflections.Reflections:229 - Reflections took 42 ms to scan 1 urls, producing 5 keys and 32 values 
2020-06-24 00:29:10 INFO  org.reflections.Reflections:229 - Reflections took 58 ms to scan 1 urls, producing 17 keys and 270 values 
2020-06-24 00:29:11 INFO  org.reflections.Reflections:229 - Reflections took 35 ms to scan 1 urls, producing 7 keys and 37 values 
2020-06-24 00:29:11 INFO  org.reflections.Reflections:229 - Reflections took 41 ms to scan 1 urls, producing 5 keys and 32 values 
2020-06-24 23:21:11 INFO  org.reflections.Reflections:229 - Reflections took 57 ms to scan 1 urls, producing 17 keys and 270 values 
2020-06-24 23:21:11 INFO  org.reflections.Reflections:229 - Reflections took 8 ms to scan 1 urls, producing 7 keys and 37 values 
2020-06-24 23:21:11 INFO  org.reflections.Reflections:229 - Reflections took 9 ms to scan 1 urls, producing 5 keys and 32 values 
2020-06-25 00:00:14 INFO  org.reflections.Reflections:229 - Reflections took 54 ms to scan 1 urls, producing 17 keys and 270 values 
2020-06-25 00:00:15 INFO  org.reflections.Reflections:229 - Reflections took 9 ms to scan 1 urls, producing 7 keys and 37 values 
2020-06-25 00:00:15 INFO  org.reflections.Reflections:229 - Reflections took 9 ms to scan 1 urls, producing 5 keys and 32 values 
2020-06-25 22:08:35 INFO  org.reflections.Reflections:229 - Reflections took 54 ms to scan 1 urls, producing 17 keys and 270 values 
2020-06-25 22:08:35 INFO  org.reflections.Reflections:229 - Reflections took 7 ms to scan 1 urls, producing 7 keys and 37 values 
2020-06-25 22:08:35 INFO  org.reflections.Reflections:229 - Reflections took 8 ms to scan 1 urls, producing 5 keys and 32 values 
2020-06-25 22:08:35 ERROR edu.pitt.dbmi.data.reader.tabular.TabularDataFileReader:920 - Non-continuous number True on line 2 at column 1.
java.lang.NumberFormatException: For input string: "True"
	at java.base/jdk.internal.math.FloatingDecimal.readJavaFormatString(FloatingDecimal.java:2054)
	at java.base/jdk.internal.math.FloatingDecimal.parseDouble(FloatingDecimal.java:110)
	at java.base/java.lang.Double.parseDouble(Double.java:543)
	at edu.pitt.dbmi.data.reader.tabular.TabularDataFileReader.readInContinuousData(TabularDataFileReader.java:917)
	at edu.pitt.dbmi.data.reader.tabular.TabularDataFileReader.read(TabularDataFileReader.java:319)
	at edu.pitt.dbmi.data.reader.tabular.ContinuousTabularDatasetFileReader.readInData(ContinuousTabularDatasetFileReader.java:68)
	at edu.pitt.dbmi.data.reader.tabular.ContinuousTabularDatasetFileReader.readInData(ContinuousTabularDatasetFileReader.java:49)
2020-06-25 22:08:35 ERROR edu.pitt.dbmi.data.reader.tabular.TabularDataFileReader:920 - Non-continuous number True on line 2 at column 1.
java.lang.NumberFormatException: For input string: "True"
	at java.base/jdk.internal.math.FloatingDecimal.readJavaFormatString(FloatingDecimal.java:2054)
	at java.base/jdk.internal.math.FloatingDecimal.parseDouble(FloatingDecimal.java:110)
	at java.base/java.lang.Double.parseDouble(Double.java:543)
	at edu.pitt.dbmi.data.reader.tabular.TabularDataFileReader.readInContinuousData(TabularDataFileReader.java:917)
	at edu.pitt.dbmi.data.reader.tabular.TabularDataFileReader.read(TabularDataFileReader.java:319)
	at edu.pitt.dbmi.data.reader.tabular.ContinuousTabularDatasetFileReader.readInData(ContinuousTabularDatasetFileReader.java:68)
	at edu.pitt.dbmi.data.reader.tabular.ContinuousTabularDatasetFileReader.readInData(ContinuousTabularDatasetFileReader.java:49)
2020-06-25 22:08:36 ERROR edu.pitt.dbmi.data.reader.tabular.TabularDataFileReader:920 - Non-continuous number True on line 2 at column 1.
java.lang.NumberFormatException: For input string: "True"
	at java.base/jdk.internal.math.FloatingDecimal.readJavaFormatString(FloatingDecimal.java:2054)
	at java.base/jdk.internal.math.FloatingDecimal.parseDouble(FloatingDecimal.java:110)
	at java.base/java.lang.Double.parseDouble(Double.java:543)
	at edu.pitt.dbmi.data.reader.tabular.TabularDataFileReader.readInContinuousData(TabularDataFileReader.java:917)
	at edu.pitt.dbmi.data.reader.tabular.TabularDataFileReader.read(TabularDataFileReader.java:319)
	at edu.pitt.dbmi.data.reader.tabular.ContinuousTabularDatasetFileReader.readInData(ContinuousTabularDatasetFileReader.java:68)
	at edu.pitt.dbmi.data.reader.tabular.ContinuousTabularDatasetFileReader.readInData(ContinuousTabularDatasetFileReader.java:49)
2020-06-25 22:08:36 ERROR edu.pitt.dbmi.data.reader.tabular.TabularDataFileReader:920 - Non-continuous number True on line 2 at column 1.
java.lang.NumberFormatException: For input string: "True"
	at java.base/jdk.internal.math.FloatingDecimal.readJavaFormatString(FloatingDecimal.java:2054)
	at java.base/jdk.internal.math.FloatingDecimal.parseDouble(FloatingDecimal.java:110)
	at java.base/java.lang.Double.parseDouble(Double.java:543)
	at edu.pitt.dbmi.data.reader.tabular.TabularDataFileReader.readInContinuousData(TabularDataFileReader.java:917)
	at edu.pitt.dbmi.data.reader.tabular.TabularDataFileReader.read(TabularDataFileReader.java:319)
	at edu.pitt.dbmi.data.reader.tabular.ContinuousTabularDatasetFileReader.readInData(ContinuousTabularDatasetFileReader.java:68)
	at edu.pitt.dbmi.data.reader.tabular.ContinuousTabularDatasetFileReader.readInData(ContinuousTabularDatasetFileReader.java:49)
2020-06-25 22:08:36 ERROR edu.pitt.dbmi.data.reader.tabular.TabularDataFileReader:920 - Non-continuous number True on line 2 at column 1.
java.lang.NumberFormatException: For input string: "True"
	at java.base/jdk.internal.math.FloatingDecimal.readJavaFormatString(FloatingDecimal.java:2054)
	at java.base/jdk.internal.math.FloatingDecimal.parseDouble(FloatingDecimal.java:110)
	at java.base/java.lang.Double.parseDouble(Double.java:543)
	at edu.pitt.dbmi.data.reader.tabular.TabularDataFileReader.readInContinuousData(TabularDataFileReader.java:917)
	at edu.pitt.dbmi.data.reader.tabular.TabularDataFileReader.read(TabularDataFileReader.java:319)
	at edu.pitt.dbmi.data.reader.tabular.ContinuousTabularDatasetFileReader.readInData(ContinuousTabularDatasetFileReader.java:68)
	at edu.pitt.dbmi.data.reader.tabular.ContinuousTabularDatasetFileReader.readInData(ContinuousTabularDatasetFileReader.java:49)
2020-06-25 22:08:55 ERROR edu.pitt.dbmi.data.reader.tabular.TabularDataFileReader:920 - Non-continuous number True on line 2 at column 1.
java.lang.NumberFormatException: For input string: "True"
	at java.base/jdk.internal.math.FloatingDecimal.readJavaFormatString(FloatingDecimal.java:2054)
	at java.base/jdk.internal.math.FloatingDecimal.parseDouble(FloatingDecimal.java:110)
	at java.base/java.lang.Double.parseDouble(Double.java:543)
	at edu.pitt.dbmi.data.reader.tabular.TabularDataFileReader.readInContinuousData(TabularDataFileReader.java:917)
	at edu.pitt.dbmi.data.reader.tabular.TabularDataFileReader.read(TabularDataFileReader.java:319)
	at edu.pitt.dbmi.data.reader.tabular.ContinuousTabularDatasetFileReader.readInData(ContinuousTabularDatasetFileReader.java:68)
	at edu.pitt.dbmi.data.reader.tabular.ContinuousTabularDatasetFileReader.readInData(ContinuousTabularDatasetFileReader.java:49)
2020-06-25 22:08:56 ERROR edu.pitt.dbmi.data.reader.tabular.TabularDataFileReader:920 - Non-continuous number True on line 2 at column 1.
java.lang.NumberFormatException: For input string: "True"
	at java.base/jdk.internal.math.FloatingDecimal.readJavaFormatString(FloatingDecimal.java:2054)
	at java.base/jdk.internal.math.FloatingDecimal.parseDouble(FloatingDecimal.java:110)
	at java.base/java.lang.Double.parseDouble(Double.java:543)
	at edu.pitt.dbmi.data.reader.tabular.TabularDataFileReader.readInContinuousData(TabularDataFileReader.java:917)
	at edu.pitt.dbmi.data.reader.tabular.TabularDataFileReader.read(TabularDataFileReader.java:319)
	at edu.pitt.dbmi.data.reader.tabular.ContinuousTabularDatasetFileReader.readInData(ContinuousTabularDatasetFileReader.java:68)
	at edu.pitt.dbmi.data.reader.tabular.ContinuousTabularDatasetFileReader.readInData(ContinuousTabularDatasetFileReader.java:49)
2020-06-25 22:08:56 ERROR edu.pitt.dbmi.data.reader.tabular.TabularDataFileReader:920 - Non-continuous number True on line 2 at column 1.
java.lang.NumberFormatException: For input string: "True"
	at java.base/jdk.internal.math.FloatingDecimal.readJavaFormatString(FloatingDecimal.java:2054)
	at java.base/jdk.internal.math.FloatingDecimal.parseDouble(FloatingDecimal.java:110)
	at java.base/java.lang.Double.parseDouble(Double.java:543)
	at edu.pitt.dbmi.data.reader.tabular.TabularDataFileReader.readInContinuousData(TabularDataFileReader.java:917)
	at edu.pitt.dbmi.data.reader.tabular.TabularDataFileReader.read(TabularDataFileReader.java:319)
	at edu.pitt.dbmi.data.reader.tabular.ContinuousTabularDatasetFileReader.readInData(ContinuousTabularDatasetFileReader.java:68)
	at edu.pitt.dbmi.data.reader.tabular.ContinuousTabularDatasetFileReader.readInData(ContinuousTabularDatasetFileReader.java:49)
2020-06-25 22:08:56 ERROR edu.pitt.dbmi.data.reader.tabular.TabularDataFileReader:920 - Non-continuous number True on line 2 at column 1.
java.lang.NumberFormatException: For input string: "True"
	at java.base/jdk.internal.math.FloatingDecimal.readJavaFormatString(FloatingDecimal.java:2054)
	at java.base/jdk.internal.math.FloatingDecimal.parseDouble(FloatingDecimal.java:110)
	at java.base/java.lang.Double.parseDouble(Double.java:543)
	at edu.pitt.dbmi.data.reader.tabular.TabularDataFileReader.readInContinuousData(TabularDataFileReader.java:917)
	at edu.pitt.dbmi.data.reader.tabular.TabularDataFileReader.read(TabularDataFileReader.java:319)
	at edu.pitt.dbmi.data.reader.tabular.ContinuousTabularDatasetFileReader.readInData(ContinuousTabularDatasetFileReader.java:68)
	at edu.pitt.dbmi.data.reader.tabular.ContinuousTabularDatasetFileReader.readInData(ContinuousTabularDatasetFileReader.java:49)
2020-06-25 22:08:56 ERROR edu.pitt.dbmi.data.reader.tabular.TabularDataFileReader:920 - Non-continuous number True on line 2 at column 1.
java.lang.NumberFormatException: For input string: "True"
	at java.base/jdk.internal.math.FloatingDecimal.readJavaFormatString(FloatingDecimal.java:2054)
	at java.base/jdk.internal.math.FloatingDecimal.parseDouble(FloatingDecimal.java:110)
	at java.base/java.lang.Double.parseDouble(Double.java:543)
	at edu.pitt.dbmi.data.reader.tabular.TabularDataFileReader.readInContinuousData(TabularDataFileReader.java:917)
	at edu.pitt.dbmi.data.reader.tabular.TabularDataFileReader.read(TabularDataFileReader.java:319)
	at edu.pitt.dbmi.data.reader.tabular.ContinuousTabularDatasetFileReader.readInData(ContinuousTabularDatasetFileReader.java:68)
	at edu.pitt.dbmi.data.reader.tabular.ContinuousTabularDatasetFileReader.readInData(ContinuousTabularDatasetFileReader.java:49)
2020-06-25 22:09:23 ERROR edu.pitt.dbmi.data.reader.tabular.TabularDataFileReader:920 - Non-continuous number True on line 2 at column 1.
java.lang.NumberFormatException: For input string: "True"
	at java.base/jdk.internal.math.FloatingDecimal.readJavaFormatString(FloatingDecimal.java:2054)
	at java.base/jdk.internal.math.FloatingDecimal.parseDouble(FloatingDecimal.java:110)
	at java.base/java.lang.Double.parseDouble(Double.java:543)
	at edu.pitt.dbmi.data.reader.tabular.TabularDataFileReader.readInContinuousData(TabularDataFileReader.java:917)
	at edu.pitt.dbmi.data.reader.tabular.TabularDataFileReader.read(TabularDataFileReader.java:319)
	at edu.pitt.dbmi.data.reader.tabular.ContinuousTabularDatasetFileReader.readInData(ContinuousTabularDatasetFileReader.java:68)
	at edu.pitt.dbmi.data.reader.tabular.ContinuousTabularDatasetFileReader.readInData(ContinuousTabularDatasetFileReader.java:49)
2020-06-25 22:35:25 INFO  org.reflections.Reflections:229 - Reflections took 56 ms to scan 1 urls, producing 17 keys and 270 values 
2020-06-25 22:35:25 INFO  org.reflections.Reflections:229 - Reflections took 8 ms to scan 1 urls, producing 7 keys and 37 values 
2020-06-25 22:35:25 INFO  org.reflections.Reflections:229 - Reflections took 8 ms to scan 1 urls, producing 5 keys and 32 values 
2020-06-25 22:38:27 INFO  org.reflections.Reflections:229 - Reflections took 55 ms to scan 1 urls, producing 17 keys and 270 values 
2020-06-25 22:38:27 INFO  org.reflections.Reflections:229 - Reflections took 6 ms to scan 1 urls, producing 7 keys and 37 values 
2020-06-25 22:38:27 INFO  org.reflections.Reflections:229 - Reflections took 9 ms to scan 1 urls, producing 5 keys and 32 values 
2020-06-25 22:40:34 INFO  org.reflections.Reflections:229 - Reflections took 56 ms to scan 1 urls, producing 17 keys and 270 values 
2020-06-25 22:40:34 INFO  org.reflections.Reflections:229 - Reflections took 8 ms to scan 1 urls, producing 7 keys and 37 values 
2020-06-25 22:40:34 INFO  org.reflections.Reflections:229 - Reflections took 9 ms to scan 1 urls, producing 5 keys and 32 values 
2020-06-25 22:43:27 INFO  org.reflections.Reflections:229 - Reflections took 55 ms to scan 1 urls, producing 17 keys and 270 values 
2020-06-25 22:43:27 INFO  org.reflections.Reflections:229 - Reflections took 14 ms to scan 1 urls, producing 7 keys and 37 values 
2020-06-25 22:43:27 INFO  org.reflections.Reflections:229 - Reflections took 9 ms to scan 1 urls, producing 5 keys and 32 values 
2020-06-25 22:46:42 INFO  org.reflections.Reflections:229 - Reflections took 53 ms to scan 1 urls, producing 17 keys and 270 values 
2020-06-25 22:46:42 INFO  org.reflections.Reflections:229 - Reflections took 14 ms to scan 1 urls, producing 7 keys and 37 values 
2020-06-25 22:46:42 INFO  org.reflections.Reflections:229 - Reflections took 9 ms to scan 1 urls, producing 5 keys and 32 values 
2020-06-25 23:23:49 INFO  org.reflections.Reflections:229 - Reflections took 54 ms to scan 1 urls, producing 17 keys and 270 values 
2020-06-25 23:23:49 INFO  org.reflections.Reflections:229 - Reflections took 6 ms to scan 1 urls, producing 7 keys and 37 values 
2020-06-25 23:23:49 INFO  org.reflections.Reflections:229 - Reflections took 9 ms to scan 1 urls, producing 5 keys and 32 values 
2020-06-28 12:47:10 INFO  org.reflections.Reflections:229 - Reflections took 129 ms to scan 1 urls, producing 17 keys and 270 values 
2020-06-28 12:47:10 INFO  org.reflections.Reflections:229 - Reflections took 7 ms to scan 1 urls, producing 7 keys and 37 values 
2020-06-28 12:47:10 INFO  org.reflections.Reflections:229 - Reflections took 8 ms to scan 1 urls, producing 5 keys and 32 values 
2020-06-28 12:47:11 ERROR edu.pitt.dbmi.data.reader.tabular.TabularDataFileReader:920 - Non-continuous number absent on line 2 at column 1.
java.lang.NumberFormatException: For input string: "absent"
	at java.base/jdk.internal.math.FloatingDecimal.readJavaFormatString(FloatingDecimal.java:2054)
	at java.base/jdk.internal.math.FloatingDecimal.parseDouble(FloatingDecimal.java:110)
	at java.base/java.lang.Double.parseDouble(Double.java:543)
	at edu.pitt.dbmi.data.reader.tabular.TabularDataFileReader.readInContinuousData(TabularDataFileReader.java:917)
	at edu.pitt.dbmi.data.reader.tabular.TabularDataFileReader.read(TabularDataFileReader.java:319)
	at edu.pitt.dbmi.data.reader.tabular.ContinuousTabularDatasetFileReader.readInData(ContinuousTabularDatasetFileReader.java:68)
	at edu.pitt.dbmi.data.reader.tabular.ContinuousTabularDatasetFileReader.readInData(ContinuousTabularDatasetFileReader.java:49)
2020-06-28 12:47:12 ERROR edu.pitt.dbmi.data.reader.tabular.TabularDataFileReader:920 - Non-continuous number absent on line 2 at column 1.
java.lang.NumberFormatException: For input string: "absent"
	at java.base/jdk.internal.math.FloatingDecimal.readJavaFormatString(FloatingDecimal.java:2054)
	at java.base/jdk.internal.math.FloatingDecimal.parseDouble(FloatingDecimal.java:110)
	at java.base/java.lang.Double.parseDouble(Double.java:543)
	at edu.pitt.dbmi.data.reader.tabular.TabularDataFileReader.readInContinuousData(TabularDataFileReader.java:917)
	at edu.pitt.dbmi.data.reader.tabular.TabularDataFileReader.read(TabularDataFileReader.java:319)
	at edu.pitt.dbmi.data.reader.tabular.ContinuousTabularDatasetFileReader.readInData(ContinuousTabularDatasetFileReader.java:68)
	at edu.pitt.dbmi.data.reader.tabular.ContinuousTabularDatasetFileReader.readInData(ContinuousTabularDatasetFileReader.java:49)
2020-06-28 13:05:30 ERROR edu.pitt.dbmi.data.reader.tabular.TabularDataFileReader:920 - Non-continuous number absent on line 2 at column 1.
java.lang.NumberFormatException: For input string: "absent"
	at java.base/jdk.internal.math.FloatingDecimal.readJavaFormatString(FloatingDecimal.java:2054)
	at java.base/jdk.internal.math.FloatingDecimal.parseDouble(FloatingDecimal.java:110)
	at java.base/java.lang.Double.parseDouble(Double.java:543)
	at edu.pitt.dbmi.data.reader.tabular.TabularDataFileReader.readInContinuousData(TabularDataFileReader.java:917)
	at edu.pitt.dbmi.data.reader.tabular.TabularDataFileReader.read(TabularDataFileReader.java:319)
	at edu.pitt.dbmi.data.reader.tabular.ContinuousTabularDatasetFileReader.readInData(ContinuousTabularDatasetFileReader.java:68)
	at edu.pitt.dbmi.data.reader.tabular.ContinuousTabularDatasetFileReader.readInData(ContinuousTabularDatasetFileReader.java:49)
2020-06-28 13:05:30 ERROR edu.pitt.dbmi.data.reader.tabular.TabularDataFileReader:920 - Non-continuous number absent on line 2 at column 1.
java.lang.NumberFormatException: For input string: "absent"
	at java.base/jdk.internal.math.FloatingDecimal.readJavaFormatString(FloatingDecimal.java:2054)
	at java.base/jdk.internal.math.FloatingDecimal.parseDouble(FloatingDecimal.java:110)
	at java.base/java.lang.Double.parseDouble(Double.java:543)
	at edu.pitt.dbmi.data.reader.tabular.TabularDataFileReader.readInContinuousData(TabularDataFileReader.java:917)
	at edu.pitt.dbmi.data.reader.tabular.TabularDataFileReader.read(TabularDataFileReader.java:319)
	at edu.pitt.dbmi.data.reader.tabular.ContinuousTabularDatasetFileReader.readInData(ContinuousTabularDatasetFileReader.java:68)
	at edu.pitt.dbmi.data.reader.tabular.ContinuousTabularDatasetFileReader.readInData(ContinuousTabularDatasetFileReader.java:49)
2020-06-29 08:22:17 INFO  org.reflections.Reflections:229 - Reflections took 56 ms to scan 1 urls, producing 17 keys and 270 values 
2020-06-29 08:22:17 INFO  org.reflections.Reflections:229 - Reflections took 9 ms to scan 1 urls, producing 7 keys and 37 values 
2020-06-29 08:22:17 INFO  org.reflections.Reflections:229 - Reflections took 9 ms to scan 1 urls, producing 5 keys and 32 values 
2020-06-29 23:48:41 INFO  org.reflections.Reflections:229 - Reflections took 54 ms to scan 1 urls, producing 17 keys and 270 values 
2020-06-29 23:48:42 INFO  org.reflections.Reflections:229 - Reflections took 11 ms to scan 1 urls, producing 7 keys and 37 values 
2020-06-29 23:48:42 INFO  org.reflections.Reflections:229 - Reflections took 9 ms to scan 1 urls, producing 5 keys and 32 values 
2020-06-30 21:35:36 INFO  org.reflections.Reflections:229 - Reflections took 72 ms to scan 1 urls, producing 17 keys and 270 values 
2020-06-30 21:35:36 INFO  org.reflections.Reflections:229 - Reflections took 8 ms to scan 1 urls, producing 7 keys and 37 values 
2020-06-30 21:35:36 INFO  org.reflections.Reflections:229 - Reflections took 14 ms to scan 1 urls, producing 5 keys and 32 values 
2020-07-02 00:15:17 INFO  org.reflections.Reflections:229 - Reflections took 60 ms to scan 1 urls, producing 17 keys and 270 values 
2020-07-02 00:15:17 INFO  org.reflections.Reflections:229 - Reflections took 12 ms to scan 1 urls, producing 7 keys and 37 values 
2020-07-02 00:15:17 INFO  org.reflections.Reflections:229 - Reflections took 8 ms to scan 1 urls, producing 5 keys and 32 values 
2020-07-02 00:19:11 INFO  org.reflections.Reflections:229 - Reflections took 62 ms to scan 1 urls, producing 17 keys and 270 values 
2020-07-02 00:19:11 INFO  org.reflections.Reflections:229 - Reflections took 8 ms to scan 1 urls, producing 7 keys and 37 values 
2020-07-02 00:19:11 INFO  org.reflections.Reflections:229 - Reflections took 8 ms to scan 1 urls, producing 5 keys and 32 values 
2020-07-02 00:22:36 INFO  org.reflections.Reflections:229 - Reflections took 57 ms to scan 1 urls, producing 17 keys and 270 values 
2020-07-02 00:22:36 INFO  org.reflections.Reflections:229 - Reflections took 14 ms to scan 1 urls, producing 7 keys and 37 values 
2020-07-02 00:22:36 INFO  org.reflections.Reflections:229 - Reflections took 8 ms to scan 1 urls, producing 5 keys and 32 values 
